<?xml version="1.0" encoding="utf-8"?><testsuites name="pytest tests"><testsuite name="pytest" errors="0" failures="0" skipped="0" tests="10" time="0.898" timestamp="2026-05-30T15:42:13.376347+00:00" hostname="agent-env-145d5792-ee4c-43d9-bf3b-17c1197e8b62"><testcase classname="backend.tests.test_portfolio_api.TestRoot" name="test_root_greeting" time="0.263" /><testcase classname="backend.tests.test_portfolio_api.TestContactCreate" name="test_create_contact_valid" time="0.088" /><testcase classname="backend.tests.test_portfolio_api.TestContactCreate" name="test_create_contact_without_subject" time="0.052" /><testcase classname="backend.tests.test_portfolio_api.TestContactCreate" name="test_create_contact_invalid_email" time="0.050" /><testcase classname="backend.tests.test_portfolio_api.TestContactCreate" name="test_create_contact_missing_name" time="0.046" /><testcase classname="backend.tests.test_portfolio_api.TestContactCreate" name="test_create_contact_missing_message" time="0.047" /><testcase classname="backend.tests.test_portfolio_api.TestContactCreate" name="test_create_contact_empty_name" time="0.047" /><testcase classname="backend.tests.test_portfolio_api.TestContactCreate" name="test_create_contact_empty_message" time="0.049" /><testcase classname="backend.tests.test_portfolio_api.TestContactList" name="test_list_contacts_returns_array" time="0.050" /><testcase classname="backend.tests.test_portfolio_api.TestContactList" name="test_created_message_is_persisted" time="0.048" /></testsuite></testsuites>